TN:
SF:/Users/levy/files/projects/ethdev/hardhat-startup/contracts/Lock.sol
FN:13,constructor
FN:20,withdraw
FNF:2
FNH:2
FNDA:4,constructor
FNDA:5,withdraw
DA:14,4
DA:16,3
DA:17,3
DA:24,5
DA:25,4
DA:27,3
DA:29,3
LF:7
LH:7
BRDA:14,1,0,3
BRDA:14,1,1,1
BRDA:24,2,0,4
BRDA:24,2,1,1
BRDA:25,3,0,3
BRDA:25,3,1,1
BRF:6
BRH:6
end_of_record
TN:
SF:/Users/levy/files/projects/ethdev/hardhat-startup/contracts/MyToken.sol
FN:6,constructor
FNF:1
FNH:0
FNDA:0,constructor
DA:7,0
LF:1
LH:0
BRF:0
BRH:0
end_of_record
